<?xml version="1.0" encoding="UTF-8"?>
<!-- Generated by org.testng.reporters.JUnitXMLReporter -->
<testsuite ignored="0" hostname="Manoj-Pruthvi" failures="0" tests="2" name="Validating User login" time="0.074" errors="0" timestamp="2022-01-29T12:32:03 IST">
  <testcase classname="Academy.HomePage" name="@BeforeTest initialize" time="0.008">
    <failure type="java.io.FileNotFoundException" message="C:\Users\rahul\E2EProject\src\main\java\resources\data.properties (The system cannot find the path specified)">
      <![CDATA[java.io.FileNotFoundException: C:\Users\rahul\E2EProject\src\main\java\resources\data.properties (The system cannot find the path specified)
at java.base/java.io.FileInputStream.open0(Native Method)
at java.base/java.io.FileInputStream.open(FileInputStream.java:211)
at java.base/java.io.FileInputStream.<init>(FileInputStream.java:153)
at java.base/java.io.FileInputStream.<init>(FileInputStream.java:108)
at resources.base.initializeDriver(base.java:23)
at Academy.HomePage.initialize(HomePage.java:28)
... Removed 24 stack frames]]>
    </failure>
  </testcase> <!-- @BeforeTest initialize -->
  <testcase classname="Academy.HomePage" name="@AfterTest teardown" time="-1.643439723969E9">
    <skipped/>
  </testcase> <!-- @AfterTest teardown -->
  <testcase classname="Academy.HomePage" name="basePageNavigation" time="0.0">
    <skipped/>
  </testcase> <!-- basePageNavigation -->
  <testcase classname="Academy.HomePage" name="basePageNavigation" time="0.0">
    <skipped/>
  </testcase> <!-- basePageNavigation -->
</testsuite> <!-- Validating User login -->
